This file contains any messages produced by compilers while
running configure, to aid debugging if configure makes a mistake.

It was created by esesc configure 2, which was
generated by GNU Autoconf 2.59.  Invocation command line was

  $ ../src/configure --enable-transactional

## --------- ##
## Platform. ##
## --------- ##

hostname = everest.usc.edu
uname -m = x86_64
uname -r = 2.6.18-348.el5xen
uname -s = Linux
uname -v = #1 SMP Tue Jan 8 18:35:04 EST 2013

/usr/bin/uname -p = unknown
/bin/uname -X     = unknown

/bin/arch              = x86_64
/usr/bin/arch -k       = unknown
/usr/convex/getsysinfo = unknown
hostinfo               = unknown
/bin/machine           = unknown
/usr/bin/oslevel       = unknown
/bin/universe          = unknown

PATH: /opt/openmpi/bin
PATH: /usr/kerberos/bin
PATH: /usr/lib/jvm/java-1.7.0-openjdk-1.7.0.65.x86_64/bin
PATH: /usr/local/bin
PATH: /bin
PATH: /usr/bin
PATH: /opt/eclipse
PATH: /opt/ganglia/bin
PATH: /opt/ganglia/sbin
PATH: /opt/maui/bin
PATH: /opt/torque/bin
PATH: /opt/torque/sbin
PATH: /opt/rocks/bin
PATH: /opt/rocks/sbin
PATH: /opt/condor/bin
PATH: /opt/condor/sbin
PATH: /home/EE653-user3/bin


## ----------- ##
## Core tests. ##
## ----------- ##

configure:1770: creating ./config.status

## ---------------------- ##
## Running config.status. ##
## ---------------------- ##

This file was extended by esesc config.status 2, which was
generated by GNU Autoconf 2.59.  Invocation command line was

  CONFIG_FILES    = 
  CONFIG_HEADERS  = 
  CONFIG_LINKS    = 
  CONFIG_COMMANDS = 
  $ ./config.status 

on everest.usc.edu

config.status:657: creating Makefile
config.status:657: creating Make.defs

## ---------------- ##
## Cache variables. ##
## ---------------- ##

ac_cv_env_build_alias_set=
ac_cv_env_build_alias_value=
ac_cv_env_host_alias_set=
ac_cv_env_host_alias_value=
ac_cv_env_target_alias_set=
ac_cv_env_target_alias_value=

## ----------------- ##
## Output variables. ##
## ----------------- ##

$1_OPT='170121_OPT'
BUILD_DIR='/home/EE653-user3/zmao/SuperTransHack/bin'
CONDOR_LINK_OPT='#CONDOR_LINK=1'
DEBUG_OPT='#DEBUG=1'
DEBUG_SILENT_OPT='#DEBUG_SILENT=1'
DEBUG_VERBOSE_OPT='#DEBUG_VERBOSE=1'
DEFCONF='mem.conf'
DEFEXEC='sesc.trans'
DEFS='-DPACKAGE_NAME=\"esesc\" -DPACKAGE_TARNAME=\"esesc\" -DPACKAGE_VERSION=\"2\" -DPACKAGE_STRING=\"esesc\ 2\" -DPACKAGE_BUGREPORT=\"renau@soe.ucsc.edu\ luisceze@cs.uiuc.edu\" '
DIRECTORY_OPT='#DIRECTORY=1'
ECHO_C=''
ECHO_N='-n'
ECHO_T=''
LIBOBJS=''
LIBS=''
LTLIBOBJS=''
NO_MERGELAST_OPT='#NO_MERGELAST=1'
NO_MERGENEXT_OPT='#NO_MERGENEXT=1'
PACKAGE_BUGREPORT='renau@soe.ucsc.edu luisceze@cs.uiuc.edu'
PACKAGE_NAME='esesc'
PACKAGE_STRING='esesc 2'
PACKAGE_TARNAME='esesc'
PACKAGE_VERSION='2'
PATH_SEPARATOR=':'
PROFILING_OPT=''
QEMU_DRIVEN_OPT='#QEMU_DRIVEN=1'
SESC_BAAD_OPT='#SESC_BAAD=1'
SESC_ENERGY_OPT='#SESC_ENERGY=1'
SESC_GATHERM_OPT=''
SESC_MISPATH_OPT='#SESC_MISPATH=1'
SESC_RSTTRACE_OPT='#SESC_RSTTRACE=1'
SESC_SESCTHERM_OPT='#SESC_SESCTHERM=1'
SESC_SMP_DEBUG_OPT='#SESC_SMP_DEBUG=1'
SESC_SMP_OPT='#SESC_SMP=1'
SESC_THERM_OPT='#SESC_THERM=1'
SHELL='/bin/sh'
SRC_DIR='../src/src'
STATISTICAL_OPT=''
TASKSCALAR_OPT='#TASKSCALAR=1'
TOPSRC_DIR='../src'
TRACE_DRIVEN_OPT='#TRACE_DRIVEN=1'
TRANSACTIONAL_OPT='TRANSACTIONAL=1'
TS_PROFILING_OPT='#TS_PROFILING=1'
TS_RISKLOADPROF_OPT='#TS_RISKLOADPROF=1'
TS_VMEM_OPT='#TS_VMEM=1'
VALUEPRED_OPT='#VALUEPRED=1'
bindir='${exec_prefix}/bin'
build_alias=''
datadir='${prefix}/share'
exec_prefix='${prefix}'
host_alias=''
includedir='${prefix}/include'
infodir='${prefix}/info'
libdir='${exec_prefix}/lib'
libexecdir='${exec_prefix}/libexec'
localstatedir='${prefix}/var'
mandir='${prefix}/man'
oldincludedir='/usr/include'
prefix='/usr/local'
program_transform_name='s,x,x,'
sbindir='${exec_prefix}/sbin'
sharedstatedir='${prefix}/com'
sysconfdir='${prefix}/etc'
target_alias=''

## ----------- ##
## confdefs.h. ##
## ----------- ##

#define PACKAGE_BUGREPORT "renau@soe.ucsc.edu luisceze@cs.uiuc.edu"
#define PACKAGE_NAME "esesc"
#define PACKAGE_STRING "esesc 2"
#define PACKAGE_TARNAME "esesc"
#define PACKAGE_VERSION "2"

configure: exit 0
